#
# There is insufficient memory for the Java Runtime Environment to continue.
# Native memory allocation (mmap) failed to map 82837504 bytes for G1 virtual space
# Possible reasons:
#   The system is out of physical RAM or swap space
#   The process is running with CompressedOops enabled, and the Java Heap may be blocking the growth of the native heap
# Possible solutions:
#   Reduce memory load on the system
#   Increase physical memory or swap space
#   Check if swap backing store is full
#   Decrease Java heap size (-Xmx/-Xms)
#   Decrease number of Java threads
#   Decrease Java thread stack sizes (-Xss)
#   Set larger code cache with -XX:ReservedCodeCacheSize=
#   JVM is running with Unscaled Compressed Oops mode in which the Java heap is
#     placed in the first 4GB address space. The Java Heap base address is the
#     maximum limit for the native heap growth. Please use -XX:HeapBaseMinAddress
#     to set the Java Heap base and to place the Java Heap above 4GB virtual address.
# This output file may be truncated or incomplete.
#
#  Out of Memory Error (os_windows.cpp:3541), pid=11428, tid=15932
#
# JRE version: OpenJDK Runtime Environment Temurin-17.0.4.1+1 (17.0.4.1+1) (build 17.0.4.1+1)
# Java VM: OpenJDK 64-Bit Server VM Temurin-17.0.4.1+1 (17.0.4.1+1, mixed mode, tiered, compressed oops, compressed class ptrs, g1 gc, windows-amd64)
# No core dump will be written. Minidumps are not enabled by default on client versions of Windows
#

---------------  S U M M A R Y ------------

Command Line: -Dmaven.home=EMBEDDED -Dclassworlds.conf=C:\Users\Pc\Documents\workspace-spring-tool-suite-4-4.16.1.RELEASE\.metadata\.plugins\org.eclipse.m2e.launching\launches\m2conf5118357721972707861.tmp -Dmaven.multiModuleProjectDirectory=C:\Users\Pc\Documents\workspace-spring-tool-suite-4-4.16.1.RELEASE\springboot-back -Dfile.encoding=UTF-8 -XX:+ShowCodeDetailsInExceptionMessages org.codehaus.plexus.classworlds.launcher.Launcher -Ppom.xml -B -Dstyle.color=always package

Host: Intel(R) Pentium(R) CPU 4405U @ 2.10GHz, 4 cores, 3G,  Windows 10 , 64 bit Build 19041 (10.0.19041.3155)
Time: Sat Oct 21 19:15:32 2023 Paris, Madrid (heure duild 19041 (10.0.19041.3155) elapsed time: 21.689419 seconds (0d 0h 0m 21s)

---------------  T H R E A D  ---------------

Current thread (0x000001510cabdee0):  VMThread "VM Thread" [stack: 0x0000001417500000,0x0000001417600000] [id=15932]

Stack: [0x0000001417500000,0x0000001417600000]
Native frames: (J=compiled Java code, j=interpreted, Vv=VM code, C=native code)
V  [jvm.dll+0x67731a]
V  [jvm.dll+0x832284]
V  [jvm.dll+0x833a2e]
V  [jvm.dll+0x834093]
V  [jvm.dll+0x245775]
V  [jvm.dll+0x674209]
V  [jvm.dll+0x668a92]
V  [jvm.dll+0x30471b]
V  [jvm.dll+0x30bc66]
V  [jvm.dll+0x35ba9e]
V  [jvm.dll+0x35bccf]
V  [jvm.dll+0x2db5b8]
V  [jvm.dll+0x2d986c]
V  [jvm.dll+0x2d8e3c]
V  [jvm.dll+0x31cd9b]
V  [jvm.dll+0x83853b]
V  [jvm.dll+0x839274]
V  [jvm.dll+0x83978c]
V  [jvm.dll+0x839b64]
V  [jvm.dll+0x839c30]
V  [jvm.dll+0x7e240a]
V  [jvm.dll+0x6761a5]
C  [ucrtbase.dll+0x21bb2]
C  [KERNEL32.DLL+0x17614]
C  [ntdll.dll+0x526b1]

VM_Operation (0x0000001416ffb440): G1CollectForAllocation, mode: safepoint, requested by thread 0x000001510c9ea870


---------------  P R O C E S S  ---------------

Threads class SMR info:
_java_thread_list=0x0000015127c85aa0, length=13, elements={
0x000001510c9ea870, 0x0000015123a93260, 0x0000015123a94af0, 0x0000015123a54d00,
0x0000015123a65940, 0x0000015123a662f0, 0x0000015123a66ca0, 0x0000015123a67a30,
0x0000015123a6c820, 0x000001512455cff0, 0x000001512466ba80, 0x000001512467a620,
0x00000151268da840
}

Java Threads: ( => current thread )
  0x000001510c9ea870 JavaThread "main" [_thread_blocked, id=15044, stack(0x0000001416f00000,0x0000001417000000)]
  0x0000015123a93260 JavaThread "Reference Handler" daemon [_thread_blocked, id=9904, stack(0x0000001417600000,0x0000001417700000)]
  0x0000015123a94af0 JavaThread "Finalizer" daemon [_thread_blocked, id=4044, stack(0x0000001417700000,0x0000001417800000)]
  0x0000015123a54d00 JavaThread "Signal Dispatcher" daemon [_thread_blocked, id=22392, stack(0x0000001417800000,0x0000001417900000)]
  0x0000015123a65940 JavaThread "Attach Listener" daemon [_thread_blocked, id=22252, stack(0x0000001417900000,0x0000001417a00000)]
  0x0000015123a662f0 JavaThread "Service Thread" daemon [_thread_blocked, id=2312, stack(0x0000001417a00000,0x0000001417b00000)]
  0x0000015123a66ca0 JavaThread "Monitor Deflation Thread" daemon [_thread_blocked, id=16488, stack(0x0000001417b00000,0x0000001417c00000)]
  0x0000015123a67a30 JavaThread "C2 CompilerThread0" daemon [_thread_blocked, id=13472, stack(0x0000001417c00000,0x0000001417d00000)]
  0x0000015123a6c820 JavaThread "C1 CompilerThread0" daemon [_thread_blocked, id=16572, stack(0x0000001417d00000,0x0000001417e00000)]
  0x000001512455cff0 JavaThread "Sweeper thread" daemon [_thread_blocked, id=9536, stack(0x0000001417e00000,0x0000001417f00000)]
  0x000001512466ba80 JavaThread "Notification Thread" daemon [_thread_blocked, id=20228, stack(0x0000001417f00000,0x0000001418000000)]
  0x000001512467a620 JavaThread "Common-Cleaner" daemon [_thread_blocked, id=4452, stack(0x0000001418100000,0x0000001418200000)]
  0x00000151268da840 JavaThread "C2 CompilerThread1" daemon [_thread_blocked, id=9928, stack(0x0000001418500000,0x0000001418600000)]

Other Threads:
=>0x000001510cabdee0 VMThread "VM Thread" [stack: 0x0000001417500000,0x0000001417600000] [id=15932]
  0x000001512466df60 WatcherThread [stack: 0x0000001418000000,0x0000001418100000] [id=22080]
  0x000001510ca22ac0 GCTaskThread "GC Thread#0" [stack: 0x0000001417000000,0x0000001417100000] [id=2028]
  0x0000015124c87c60 GCTaskThread "GC Thread#1" [stack: 0x0000001418200000,0x0000001418300000] [id=18252]
  0x0000015124a72ce0 GCTaskThread "GC Thread#2" [stack: 0x0000001418300000,0x0000001418400000] [id=12944]
  0x0000015124723430 GCTaskThread "GC Thread#3" [stack: 0x0000001418400000,0x0000001418500000] [id=19356]
  0x000001510ca2c690 ConcurrentGCThread "G1 Main Marker" [stack: 0x0000001417100000,0x0000001417200000] [id=10768]
  0x000001510ca2da50 ConcurrentGCThread "G1 Conc#0" [stack: 0x0000001417200000,0x0000001417300000] [id=8964]
  0x000001510ca7a110 ConcurrentGCThread "G1 Refine#0" [stack: 0x0000001417300000,0x0000001417400000] [id=12568]
  0x0000015126074c90 ConcurrentGCThread "G1 Refine#1" [stack: 0x0000001418600000,0x0000001418700000] [id=14856]
  0x0000015124b427d0 ConcurrentGCThread "G1 Refine#2" [stack: 0x0000001418700000,0x0000001418800000] [id=7888]
  0x000001510ca7c420 ConcurrentGCThread "G1 Service" [stack: 0x0000001417400000,0x0000001417500000] [id=13796]

Threads with active compile tasks:
C2 CompilerThread0    21895 4389       4       java.util.Arrays::equals (43 bytes)
C2 CompilerThread1    21895 4366       4       java.time.zone.ZoneRules::findOffsetInfo (74 bytes)

VM state: at safepoint (normal execution)

VM Mutex/Monitor currently owned by a thread:  ([mutex/lock_event])
[0x000001510c9e71b0] Threads_lock - owner thread: 0x000001510cabdee0
[0x000001510c9e6d30] Heap_lock - owner thread: 0x000001510c9ea870

Heap address: 0x00000000c1c00000, size: 996 MB, Compressed Oops mode: 32-bit

CDS archive(s) not mapped
Compressed class space mapped at: 0x0000000100000000-0x0000000140000000, reserved size: 1073741824
Narrow klass base: 0x0000000000000000, Narrow klass shift: 3, Narrow klass range: 0x140000000

GC Precious Log:
 CPUs: 4 total, 4 available
 Memory: 3979M
 Large Page Support: Disabled
 NUMA Support: Disabled
 Compressed Oops: Enabled (32-bit)
 Heap Region Size: 1M
 Heap Min Capacity: 8M
 Heap Initial Capacity: 64M
 Heap Max Capacity: 996M
 Pre-touch: Disabled
 Parallel Workers: 4
 Concurrent Workers: 1
 Concurrent Refinement Workers: 4
 Periodic GC: Disabled

Heap:
 garbage-first heap   total 65536K, used 22050K [0x00000000c1c00000, 0x0000000100000000)
  region size 1024K, 4 young (4096K), 4 survivors (4096K)
 Metaspace       used 31053K, committed 31360K, reserved 1081344K
  class space    used 3288K, committed 3456K, reserved 1048576K

Heap Regions: E=young(eden), S=young(survivor), O=old, HS=humongous(starts), HC=humongous(continues), CS=collection set, F=free, OA=open archive, CA=closed archive, TAMS=top-at-mark-start (previous, next)
|   0|0x00000000c1c00000, 0x00000000c1d00000, 0x00000000c1d00000|100%| O|  |TAMS 0x00000000c1d00000, 0x00000000c1c00000| Untracked 
|   1|0x00000000c1d00000, 0x00000000c1e00000, 0x00000000c1e00000|100%| O|  |TAMS 0x00000000c1e00000, 0x00000000c1d00000| Untracked 
|   2|0x00000000c1e00000, 0x00000000c1f00000, 0x00000000c1f00000|100%| O|  |TAMS 0x00000000c1f00000, 0x00000000c1e00000| Untracked 
|   3|0x00000000c1f00000, 0x00000000c2000000, 0x00000000c2000000|100%| O|  |TAMS 0x00000000c2000000, 0x00000000c1f00000| Untracked 
|   4|0x00000000c2000000, 0x00000000c2100000, 0x00000000c2100000|100%|HS|  |TAMS 0x00000000c2000000, 0x00000000c2000000| Complete 
|   5|0x00000000c2100000, 0x00000000c2200000, 0x00000000c2200000|100%| O|  |TAMS 0x00000000c2200000, 0x00000000c2100000| Untracked 
|   6|0x00000000c2200000, 0x00000000c2300000, 0x00000000c2300000|100%| O|  |TAMS 0x00000000c2300000, 0x00000000c2200000| Untracked 
|   7|0x00000000c2300000, 0x00000000c2400000, 0x00000000c2400000|100%| O|  |TAMS 0x00000000c2400000, 0x00000000c2300000| Untracked 
|   8|0x00000000c2400000, 0x00000000c2500000, 0x00000000c2500000|100%| O|  |TAMS 0x00000000c2500000, 0x00000000c2400000| Untracked 
|   9|0x00000000c2500000, 0x00000000c2600000, 0x00000000c2600000|100%| O|  |TAMS 0x00000000c2500000, 0x00000000c2500000| Untracked 
|  10|0x00000000c2600000, 0x00000000c2700000, 0x00000000c2700000|100%| O|  |TAMS 0x00000000c2600000, 0x00000000c2600000| Untracked 
|  11|0x00000000c2700000, 0x00000000c2800000, 0x00000000c2800000|100%|HS|  |TAMS 0x00000000c2700000, 0x00000000c2700000| Complete 
|  12|0x00000000c2800000, 0x00000000c2900000, 0x00000000c2900000|100%| O|  |TAMS 0x00000000c2800000, 0x00000000c2800000| Untracked 
|  13|0x00000000c2900000, 0x00000000c2993608, 0x00000000c2a00000| 57%| O|  |TAMS 0x00000000c2900000, 0x00000000c2900000| Untracked 
|  14|0x00000000c2a00000, 0x00000000c2a00000, 0x00000000c2b00000|  0%| F|  |TAMS 0x00000000c2a00000, 0x00000000c2a00000| Untracked 
|  15|0x00000000c2b00000, 0x00000000c2b00000, 0x00000000c2c00000|  0%| F|  |TAMS 0x00000000c2b00000, 0x00000000c2b00000| Untracked 
|  16|0x00000000c2c00000, 0x00000000c2c00000, 0x00000000c2d00000|  0%| F|  |TAMS 0x00000000c2c00000, 0x00000000c2c00000| Untracked 
|  17|0x00000000c2d00000, 0x00000000c2d00000, 0x00000000c2e00000|  0%| F|  |TAMS 0x00000000c2d00000, 0x00000000c2d00000| Untracked 
|  18|0x00000000c2e00000, 0x00000000c2f00000, 0x00000000c2f00000|100%| O|  |TAMS 0x00000000c2f00000, 0x00000000c2e00000| Untracked 
|  19|0x00000000c2f00000, 0x00000000c3000000, 0x00000000c3000000|100%| O|  |TAMS 0x00000000c3000000, 0x00000000c2f00000| Untracked 
|  20|0x00000000c3000000, 0x00000000c3000000, 0x00000000c3100000|  0%| F|  |TAMS 0x00000000c3000000, 0x00000000c3000000| Untracked 
|  21|0x00000000c3100000, 0x00000000c3200000, 0x00000000c3200000|100%| S|CS|TAMS 0x00000000c3100000, 0x00000000c3100000| Complete 
|  22|0x00000000c3200000, 0x00000000c3300000, 0x00000000c3300000|100%| S|CS|TAMS 0x00000000c3200000, 0x00000000c3200000| Complete 
|  23|0x00000000c3300000, 0x00000000c3400000, 0x00000000c3400000|100%| S|CS|TAMS 0x00000000c3300000, 0x00000000c3300000| Complete 
|  24|0x00000000c3400000, 0x00000000c3500000, 0x00000000c3500000|100%| S|CS|TAMS 0x00000000c3400000, 0x00000000c3400000| Complete 
|  25|0x00000000c3500000, 0x00000000c3500000, 0x00000000c3600000|  0%| F|  |TAMS 0x00000000c3500000, 0x00000000c3500000| Untracked 
|  26|0x00000000c3600000, 0x00000000c3600000, 0x00000000c3700000|  0%| F|  |TAMS 0x00000000c3600000, 0x00000000c3600000| Untracked 
|  27|0x00000000c3700000, 0x00000000c3700000, 0x00000000c3800000|  0%| F|  |TAMS 0x00000000c3700000, 0x00000000c3700000| Untracked 
|  28|0x00000000c3800000, 0x00000000c3800000, 0x00000000c3900000|  0%| F|  |TAMS 0x00000000c3800000, 0x00000000c3800000| Untracked 
|  29|0x00000000c3900000, 0x00000000c3900000, 0x00000000c3a00000|  0%| F|  |TAMS 0x00000000c3900000, 0x00000000c3900000| Untracked 
|  30|0x00000000c3a00000, 0x00000000c3a00000, 0x00000000c3b00000|  0%| F|  |TAMS 0x00000000c3a00000, 0x00000000c3a00000| Untracked 
|  31|0x00000000c3b00000, 0x00000000c3b00000, 0x00000000c3c00000|  0%| F|  |TAMS 0x00000000c3b00000, 0x00000000c3b00000| Untracked 
|  32|0x00000000c3c00000, 0x00000000c3c00000, 0x00000000c3d00000|  0%| F|  |TAMS 0x00000000c3c00000, 0x00000000c3c00000| Untracked 
|  33|0x00000000c3d00000, 0x00000000c3d00000, 0x00000000c3e00000|  0%| F|  |TAMS 0x00000000c3d00000, 0x00000000c3d00000| Untracked 
|  34|0x00000000c3e00000, 0x00000000c3e00000, 0x00000000c3f00000|  0%| F|  |TAMS 0x00000000c3e00000, 0x00000000c3e00000| Untracked 
|  35|0x00000000c3f00000, 0x00000000c3f00000, 0x00000000c4000000|  0%| F|  |TAMS 0x00000000c3f00000, 0x00000000c3f00000| Untracked 
|  36|0x00000000c4000000, 0x00000000c4100000, 0x00000000c4100000|100%| O|  |TAMS 0x00000000c4100000, 0x00000000c4000000| Untracked 
|  37|0x00000000c4100000, 0x00000000c41f5400, 0x00000000c4200000| 95%| O|  |TAMS 0x00000000c41f5400, 0x00000000c4100000| Untracked 
|  38|0x00000000c4200000, 0x00000000c4200000, 0x00000000c4300000|  0%| F|  |TAMS 0x00000000c4200000, 0x00000000c4200000| Untracked 
|  39|0x00000000c4300000, 0x00000000c4300000, 0x00000000c4400000|  0%| F|  |TAMS 0x00000000c4300000, 0x00000000c4300000| Untracked 
|  40|0x00000000c4400000, 0x00000000c4400000, 0x00000000c4500000|  0%| F|  |TAMS 0x00000000c4400000, 0x00000000c4400000| Untracked 
|  41|0x00000000c4500000, 0x00000000c4500000, 0x00000000c4600000|  0%| F|  |TAMS 0x00000000c4500000, 0x00000000c4500000| Untracked 
|  42|0x00000000c4600000, 0x00000000c4600000, 0x00000000c4700000|  0%| F|  |TAMS 0x00000000c4600000, 0x00000000c4600000| Untracked 
|  43|0x00000000c4700000, 0x00000000c4700000, 0x00000000c4800000|  0%| F|  |TAMS 0x00000000c4700000, 0x00000000c4700000| Untracked 
|  44|0x00000000c4800000, 0x00000000c4800000, 0x00000000c4900000|  0%| F|  |TAMS 0x00000000c4800000, 0x00000000c4800000| Untracked 
|  45|0x00000000c4900000, 0x00000000c4900000, 0x00000000c4a00000|  0%| F|  |TAMS 0x00000000c4900000, 0x00000000c4900000| Untracked 
|  46|0x00000000c4a00000, 0x00000000c4a00000, 0x00000000c4b00000|  0%| F|  |TAMS 0x00000000c4a00000, 0x00000000c4a00000| Untracked 
|  47|0x00000000c4b00000, 0x00000000c4b00000, 0x00000000c4c00000|  0%| F|  |TAMS 0x00000000c4b00000, 0x00000000c4b00000| Untracked 
|  48|0x00000000c4c00000, 0x00000000c4c00000, 0x00000000c4d00000|  0%| F|  |TAMS 0x00000000c4c00000, 0x00000000c4c00000| Untracked 
|  49|0x00000000c4d00000, 0x00000000c4d00000, 0x00000000c4e00000|  0%| F|  |TAMS 0x00000000c4d00000, 0x00000000c4d00000| Untracked 
|  50|0x00000000c4e00000, 0x00000000c4e00000, 0x00000000c4f00000|  0%| F|  |TAMS 0x00000000c4e00000, 0x00000000c4e00000| Untracked 
|  51|0x00000000c4f00000, 0x00000000c4f00000, 0x00000000c5000000|  0%| F|  |TAMS 0x00000000c4f00000, 0x00000000c4f00000| Untracked 
|  52|0x00000000c5000000, 0x00000000c5000000, 0x00000000c5100000|  0%| F|  |TAMS 0x00000000c5000000, 0x00000000c5000000| Untracked 
|  53|0x00000000c5100000, 0x00000000c5100000, 0x00000000c5200000|  0%| F|  |TAMS 0x00000000c5100000, 0x00000000c5100000| Untracked 
|  54|0x00000000c5200000, 0x00000000c5200000, 0x00000000c5300000|  0%| F|  |TAMS 0x00000000c5200000, 0x00000000c5200000| Untracked 
|  55|0x00000000c5300000, 0x00000000c5300000, 0x00000000c5400000|  0%| F|  |TAMS 0x00000000c5300000, 0x00000000c5300000| Untracked 
|  56|0x00000000c5400000, 0x00000000c5400000, 0x00000000c5500000|  0%| F|  |TAMS 0x00000000c5400000, 0x00000000c5400000| Untracked 
|  57|0x00000000c5500000, 0x00000000c5500000, 0x00000000c5600000|  0%| F|  |TAMS 0x00000000c5500000, 0x00000000c5500000| Untracked 
|  58|0x00000000c5600000, 0x00000000c5600000, 0x00000000c5700000|  0%| F|  |TAMS 0x00000000c5600000, 0x00000000c5600000| Untracked 
|  59|0x00000000c5700000, 0x00000000c5700000, 0x00000000c5800000|  0%| F|  |TAMS 0x00000000c5700000, 0x00000000c5700000| Untracked 
|  60|0x00000000c5800000, 0x00000000c5800000, 0x00000000c5900000|  0%| F|  |TAMS 0x00000000c5800000, 0x00000000c5800000| Untracked 
|  61|0x00000000c5900000, 0x00000000c5900000, 0x00000000c5a00000|  0%| F|  |TAMS 0x00000000c5900000, 0x00000000c5900000| Untracked 
|  62|0x00000000c5a00000, 0x00000000c5a00000, 0x00000000c5b00000|  0%| F|  |TAMS 0x00000000c5a00000, 0x00000000c5a00000| Untracked 
|  63|0x00000000c5b00000, 0x00000000c5b00000, 0x00000000c5c00000|  0%| F|  |TAMS 0x00000000c5b00000, 0x00000000c5b00000| Untracked 

Card table byte_map: [0x000001511f2b0000,0x000001511f4b0000] _byte_map_base: 0x000001511eca2000

Marking Bits (Prev, Next): (CMBitMap*) 0x000001510ca240e0, (CMBitMap*) 0x000001510ca24120
 Prev Bits: [0x000001511f6b0000, 0x0000015120640000)
 Next Bits: [0x0000015120640000, 0x00000151215d0000)

Polling page: 0x000001510c1c0000

Metaspace:

Usage:
  Non-class:     27.11 MB used.
      Class:      3.21 MB used.
       Both:     30.33 MB used.

Virtual space:
  Non-class space:       32.00 MB reserved,      27.25 MB ( 85%) committed,  4 nodes.
      Class space:        1.00 GB reserved,       3.38 MB ( <1%) committed,  1 nodes.
             Both:        1.03 GB reserved,      30.62 MB (  3%) committed. 

Chunk freelists:
   Non-Class:  416.00 KB
       Class:  622.00 KB
        Both:  1.01 MB

MaxMetaspaceSize: unlimited
CompressedClassSpaceSize: 1.00 GB
Initial GC threshold: 21.00 MB
Current GC threshold: 37.31 MB
CDS: off
MetaspaceReclaimPolicy: balanced
 - commit_granule_bytes: 65536.
 - commit_granule_words: 8192.
 - virtual_space_node_default_size: 1048576.
 - enlarge_chunks_in_place: 1.
 - new_chunks_are_fully_committed: 0.
 - uncommit_free_chunks: 1.
 - use_allocation_guard: 0.
 - handle_deallocations: 1.


Internal statistics:

num_allocs_failed_limit: 3.
num_arena_births: 128.
num_arena_deaths: 0.
num_vsnodes_births: 5.
num_vsnodes_deaths: 0.
num_space_committed: 490.
num_space_uncommitted: 0.
num_chunks_returned_to_freelist: 3.
num_chunks_taken_from_freelist: 943.
num_chunk_merges: 3.
num_chunk_splits: 665.
num_chunks_enlarged: 519.
num_purges: 0.
num_inconsistent_stats: 0.

CodeHeap 'non-profiled nmethods': size=120000Kb used=2214Kb max_used=2214Kb free=117785Kb
 bounds [0x0000015117b80000, 0x0000015117df0000, 0x000001511f0b0000]
CodeHeap 'profiled nmethods': size=120000Kb used=8901Kb max_used=8901Kb free=111098Kb
 bounds [0x0000015110650000, 0x0000015110f10000, 0x0000015117b80000]
CodeHeap 'non-nmethods': size=5760Kb used=1198Kb max_used=1281Kb free=4561Kb
 bounds [0x00000151100b0000, 0x0000015110320000, 0x0000015110650000]
 total_blobs=4876 nmethods=4377 adapters=412
 compilation: enabled
              stopped_count=0, restarted_count=0
 full_count=0

Compilation events (20 events):
Event: 21.655 Thread 0x0000015123a67a30 nmethod 4379 0x0000015117da8f90 code [0x0000015117da9100, 0x0000015117da91d8]
Event: 21.655 Thread 0x0000015123a67a30 4381       4       java.util.concurrent.TimeUnit::toMillis (69 bytes)
Event: 21.656 Thread 0x0000015123a67a30 nmethod 4381 0x0000015117da9290 code [0x0000015117da9400, 0x0000015117da9578]
Event: 21.656 Thread 0x0000015123a67a30 4360       4       java.util.jar.Manifest$FastInputStream::peek (38 bytes)
Event: 21.657 Thread 0x0000015123a6c820 4383   !   3       jdk.nio.zipfs.ZipFileSystem::isDirectory (42 bytes)
Event: 21.658 Thread 0x0000015123a67a30 nmethod 4360 0x0000015117da9690 code [0x0000015117da9820, 0x0000015117da9928]
Event: 21.658 Thread 0x0000015123a67a30 4389       4       java.util.Arrays::equals (43 bytes)
Event: 21.659 Thread 0x0000015123a6c820 nmethod 4383 0x0000015110efd990 code [0x0000015110efdc00, 0x0000015110efe9b8]
Event: 21.659 Thread 0x0000015123a6c820 4384  s!   3       jdk.nio.zipfs.ZipDirectoryStream::iterator (73 bytes)
Event: 21.660 Thread 0x0000015123a6c820 nmethod 4384 0x0000015110efef10 code [0x0000015110eff120, 0x0000015110eff838]
Event: 21.660 Thread 0x0000015123a6c820 4385       3       jdk.nio.zipfs.ZipDirectoryStream$1::<init> (10 bytes)
Event: 21.660 Thread 0x0000015123a6c820 nmethod 4385 0x0000015110effb10 code [0x0000015110effca0, 0x0000015110effe78]
Event: 21.661 Thread 0x0000015123a6c820 4386       3       com.sun.tools.javac.file.JavacFileManager$ArchiveContainer$1::preVisitDirectory (10 bytes)
Event: 21.661 Thread 0x0000015123a6c820 nmethod 4386 0x0000015110efff90 code [0x0000015110f00140, 0x0000015110f00388]
Event: 21.661 Thread 0x0000015123a6c820 4387       3       com.sun.tools.javac.file.JavacFileManager$ArchiveContainer$1::preVisitDirectory (60 bytes)
Event: 21.662 Thread 0x0000015123a6c820 nmethod 4387 0x0000015110f00490 code [0x0000015110f006a0, 0x0000015110f00c18]
Event: 21.662 Thread 0x0000015123a6c820 4391       3       java.nio.file.SimpleFileVisitor::postVisitDirectory (15 bytes)
Event: 21.662 Thread 0x0000015123a6c820 nmethod 4391 0x0000015110f00e10 code [0x0000015110f00fc0, 0x0000015110f01288]
Event: 21.663 Thread 0x0000015123a6c820 4388       3       jdk.nio.zipfs.ZipPath::getFileName (5 bytes)
Event: 21.663 Thread 0x0000015123a6c820 nmethod 4388 0x0000015110f01410 code [0x0000015110f015a0, 0x0000015110f016e8]

GC Heap History (20 events):
Event: 8.684 GC heap after
{Heap after GC invocations=2 (full 0):
 garbage-first heap   total 65536K, used 3554K [0x00000000c1c00000, 0x0000000100000000)
  region size 1024K, 1 young (1024K), 1 survivors (1024K)
 Metaspace       used 12823K, committed 12992K, reserved 1064960K
  class space    used 1266K, committed 1344K, reserved 1048576K
}
Event: 11.508 GC heap before
{Heap before GC invocations=2 (full 0):
 garbage-first heap   total 65536K, used 41442K [0x00000000c1c00000, 0x0000000100000000)
  region size 1024K, 38 young (38912K), 1 survivors (1024K)
 Metaspace       used 17858K, committed 18048K, reserved 1064960K
  class space    used 1913K, committed 1984K, reserved 1048576K
}
Event: 11.521 GC heap after
{Heap after GC invocations=3 (full 0):
 garbage-first heap   total 65536K, used 5303K [0x00000000c1c00000, 0x0000000100000000)
  region size 1024K, 3 young (3072K), 3 survivors (3072K)
 Metaspace       used 17858K, committed 18048K, reserved 1064960K
  class space    used 1913K, committed 1984K, reserved 1048576K
}
Event: 13.702 GC heap before
{Heap before GC invocations=3 (full 0):
 garbage-first heap   total 65536K, used 41143K [0x00000000c1c00000, 0x0000000100000000)
  region size 1024K, 38 young (38912K), 3 survivors (3072K)
 Metaspace       used 20869K, committed 21056K, reserved 1073152K
  class space    used 2195K, committed 2304K, reserved 1048576K
}
Event: 13.726 GC heap after
{Heap after GC invocations=4 (full 0):
 garbage-first heap   total 65536K, used 9913K [0x00000000c1c00000, 0x0000000100000000)
  region size 1024K, 5 young (5120K), 5 survivors (5120K)
 Metaspace       used 20869K, committed 21056K, reserved 1073152K
  class space    used 2195K, committed 2304K, reserved 1048576K
}
Event: 14.723 GC heap before
{Heap before GC invocations=4 (full 0):
 garbage-first heap   total 65536K, used 43705K [0x00000000c1c00000, 0x0000000100000000)
  region size 1024K, 38 young (38912K), 5 survivors (5120K)
 Metaspace       used 21361K, committed 21504K, reserved 1073152K
  class space    used 2215K, committed 2304K, reserved 1048576K
}
Event: 14.747 GC heap after
{Heap after GC invocations=5 (full 0):
 garbage-first heap   total 65536K, used 12465K [0x00000000c1c00000, 0x0000000100000000)
  region size 1024K, 3 young (3072K), 3 survivors (3072K)
 Metaspace       used 21361K, committed 21504K, reserved 1073152K
  class space    used 2215K, committed 2304K, reserved 1048576K
}
Event: 14.763 GC heap before
{Heap before GC invocations=5 (full 0):
 garbage-first heap   total 65536K, used 13489K [0x00000000c1c00000, 0x0000000100000000)
  region size 1024K, 5 young (5120K), 3 survivors (3072K)
 Metaspace       used 21372K, committed 21504K, reserved 1073152K
  class space    used 2215K, committed 2304K, reserved 1048576K
}
Event: 14.772 GC heap after
{Heap after GC invocations=6 (full 0):
 garbage-first heap   total 65536K, used 12548K [0x00000000c1c00000, 0x0000000100000000)
  region size 1024K, 3 young (3072K), 3 survivors (3072K)
 Metaspace       used 21372K, committed 21504K, reserved 1073152K
  class space    used 2215K, committed 2304K, reserved 1048576K
}
Event: 18.583 GC heap before
{Heap before GC invocations=7 (full 0):
 garbage-first heap   total 51200K, used 35076K [0x00000000c1c00000, 0x0000000100000000)
  region size 1024K, 26 young (26624K), 3 survivors (3072K)
 Metaspace       used 22490K, committed 22720K, reserved 1073152K
  class space    used 2320K, committed 2432K, reserved 1048576K
}
Event: 18.594 GC heap after
{Heap after GC invocations=8 (full 0):
 garbage-first heap   total 51200K, used 13506K [0x00000000c1c00000, 0x0000000100000000)
  region size 1024K, 4 young (4096K), 4 survivors (4096K)
 Metaspace       used 22490K, committed 22720K, reserved 1073152K
  class space    used 2320K, committed 2432K, reserved 1048576K
}
Event: 18.603 GC heap before
{Heap before GC invocations=8 (full 0):
 garbage-first heap   total 51200K, used 33986K [0x00000000c1c00000, 0x0000000100000000)
  region size 1024K, 5 young (5120K), 4 survivors (4096K)
 Metaspace       used 22491K, committed 22720K, reserved 1073152K
  class space    used 2320K, committed 2432K, reserved 1048576K
}
Event: 18.613 GC heap after
{Heap after GC invocations=9 (full 0):
 garbage-first heap   total 51200K, used 34055K [0x00000000c1c00000, 0x0000000100000000)
  region size 1024K, 1 young (1024K), 1 survivors (1024K)
 Metaspace       used 22491K, committed 22720K, reserved 1073152K
  class space    used 2320K, committed 2432K, reserved 1048576K
}
Event: 19.660 GC heap before
{Heap before GC invocations=9 (full 0):
 garbage-first heap   total 56320K, used 52487K [0x00000000c1c00000, 0x0000000100000000)
  region size 1024K, 8 young (8192K), 1 survivors (1024K)
 Metaspace       used 22685K, committed 22912K, reserved 1073152K
  class space    used 2331K, committed 2432K, reserved 1048576K
}
Event: 19.662 GC heap after
{Heap after GC invocations=10 (full 0):
 garbage-first heap   total 56320K, used 21767K [0x00000000c1c00000, 0x0000000100000000)
  region size 1024K, 1 young (1024K), 1 survivors (1024K)
 Metaspace       used 22685K, committed 22912K, reserved 1073152K
  class space    used 2331K, committed 2432K, reserved 1048576K
}
Event: 20.697 GC heap before
{Heap before GC invocations=11 (full 0):
 garbage-first heap   total 55296K, used 35079K [0x00000000c1c00000, 0x0000000100000000)
  region size 1024K, 22 young (22528K), 1 survivors (1024K)
 Metaspace       used 26645K, committed 26944K, reserved 1073152K
  class space    used 2852K, committed 3008K, reserved 1048576K
}
Event: 20.702 GC heap after
{Heap after GC invocations=12 (full 0):
 garbage-first heap   total 55296K, used 14603K [0x00000000c1c00000, 0x0000000100000000)
  region size 1024K, 2 young (2048K), 2 survivors (2048K)
 Metaspace       used 26645K, committed 26944K, reserved 1073152K
  class space    used 2852K, committed 3008K, reserved 1048576K
}
Event: 20.730 GC heap before
{Heap before GC invocations=12 (full 0):
 garbage-first heap   total 55296K, used 14603K [0x00000000c1c00000, 0x0000000100000000)
  region size 1024K, 3 young (3072K), 2 survivors (2048K)
 Metaspace       used 26868K, committed 27136K, reserved 1081344K
  class space    used 2871K, committed 3008K, reserved 1048576K
}
Event: 20.744 GC heap after
{Heap after GC invocations=13 (full 0):
 garbage-first heap   total 55296K, used 14388K [0x00000000c1c00000, 0x0000000100000000)
  region size 1024K, 1 young (1024K), 1 survivors (1024K)
 Metaspace       used 26868K, committed 27136K, reserved 1081344K
  class space    used 2871K, committed 3008K, reserved 1048576K
}
Event: 21.663 GC heap before
{Heap before GC invocations=13 (full 0):
 garbage-first heap   total 55296K, used 42036K [0x00000000c1c00000, 0x0000000100000000)
  region size 1024K, 27 young (27648K), 1 survivors (1024K)
 Metaspace       used 31053K, committed 31360K, reserved 1081344K
  class space    used 3288K, committed 3456K, reserved 1048576K
}

Deoptimization events (20 events):
Event: 21.205 Thread 0x000001510c9ea870 DEOPT PACKING pc=0x0000015110d96a34 sp=0x0000001416ffce20
Event: 21.205 Thread 0x000001510c9ea870 DEOPT UNPACKING pc=0x0000015110102b24 sp=0x0000001416ffc290 mode 0
Event: 21.216 Thread 0x000001510c9ea870 DEOPT PACKING pc=0x0000015110d96a34 sp=0x0000001416ffce20
Event: 21.216 Thread 0x000001510c9ea870 DEOPT UNPACKING pc=0x0000015110102b24 sp=0x0000001416ffc290 mode 0
Event: 21.222 Thread 0x000001510c9ea870 Uncommon trap: trap_request=0xffffff45 fr.pc=0x0000015117bfc6f0 relative=0x0000000000003810
Event: 21.222 Thread 0x000001510c9ea870 Uncommon trap: reason=unstable_if action=reinterpret pc=0x0000015117bfc6f0 method=java.net.URLStreamHandler.parseURL(Ljava/net/URL;Ljava/lang/String;II)V @ 933 c2
Event: 21.222 Thread 0x000001510c9ea870 DEOPT PACKING pc=0x0000015117bfc6f0 sp=0x0000001416ffd1d0
Event: 21.222 Thread 0x000001510c9ea870 DEOPT UNPACKING pc=0x000001511010239d sp=0x0000001416ffd1a8 mode 2
Event: 21.232 Thread 0x000001510c9ea870 Uncommon trap: trap_request=0xffffff45 fr.pc=0x0000015117cf4008 relative=0x0000000000000148
Event: 21.232 Thread 0x000001510c9ea870 Uncommon trap: reason=unstable_if action=reinterpret pc=0x0000015117cf4008 method=java.nio.charset.CharsetDecoder.decode(Ljava/nio/ByteBuffer;Ljava/nio/CharBuffer;Z)Ljava/nio/charset/CoderResult; @ 1 c2
Event: 21.232 Thread 0x000001510c9ea870 DEOPT PACKING pc=0x0000015117cf4008 sp=0x0000001416ffd730
Event: 21.232 Thread 0x000001510c9ea870 DEOPT UNPACKING pc=0x000001511010239d sp=0x0000001416ffd6e8 mode 2
Event: 21.464 Thread 0x000001510c9ea870 Uncommon trap: trap_request=0xffffff45 fr.pc=0x0000015117ca5ec8 relative=0x00000000000020a8
Event: 21.464 Thread 0x000001510c9ea870 Uncommon trap: reason=unstable_if action=reinterpret pc=0x0000015117ca5ec8 method=java.lang.String.<init>([BIILjava/nio/charset/Charset;)V @ 18 c2
Event: 21.464 Thread 0x000001510c9ea870 DEOPT PACKING pc=0x0000015117ca5ec8 sp=0x0000001416ffca50
Event: 21.464 Thread 0x000001510c9ea870 DEOPT UNPACKING pc=0x000001511010239d sp=0x0000001416ffca08 mode 2
Event: 21.520 Thread 0x000001510c9ea870 DEOPT PACKING pc=0x0000015110ea71be sp=0x0000001416ffc810
Event: 21.520 Thread 0x000001510c9ea870 DEOPT UNPACKING pc=0x0000015110102b24 sp=0x0000001416ffbc88 mode 0
Event: 21.525 Thread 0x000001510c9ea870 DEOPT PACKING pc=0x0000015110ea71be sp=0x0000001416ffc810
Event: 21.525 Thread 0x000001510c9ea870 DEOPT UNPACKING pc=0x0000015110102b24 sp=0x0000001416ffbc88 mode 0

Classes unloaded (0 events):
No events

Classes redefined (0 events):
No events

Internal exceptions (20 events):
Event: 11.943 Thread 0x000001510c9ea870 Implicit null exception at 0x0000015117ba31f2 to 0x0000015117ba376c
Event: 11.943 Thread 0x000001510c9ea870 Implicit null exception at 0x0000015117ba6072 to 0x0000015117ba65e4
Event: 14.441 Thread 0x000001510c9ea870 Implicit null exception at 0x0000015117c398ef to 0x0000015117c39ab8
Event: 14.442 Thread 0x000001510c9ea870 Implicit null exception at 0x0000015117c37f6f to 0x0000015117c38150
Event: 14.442 Thread 0x000001510c9ea870 Implicit null exception at 0x0000015117c2e68f to 0x0000015117c2e709
Event: 20.165 Thread 0x000001510c9ea870 Exception <a 'java/lang/NoSuchMethodError'{0x00000000c494f4a8}: 'void java.lang.invoke.DirectMethodHandle$Holder.invokeSpecial(java.lang.Object, java.lang.Object, java.lang.Object)'> (0x00000000c494f4a8) 
thrown [s\src\hotspot\share\interpreter\linkResolver.cpp, line 759]
Event: 20.220 Thread 0x000001510c9ea870 Exception <a 'java/lang/NoSuchMethodError'{0x00000000c48661d0}: 'java.lang.Object java.lang.invoke.DirectMethodHandle$Holder.invokeVirtual(java.lang.Object, java.lang.Object, java.lang.Object)'> (0x00000000c48661d0) 
thrown [s\src\hotspot\share\interpreter\linkResolver.cpp, line 759]
Event: 20.223 Thread 0x000001510c9ea870 Exception <a 'java/lang/NoSuchMethodError'{0x00000000c486e920}: 'int java.lang.invoke.DirectMethodHandle$Holder.invokeInterface(java.lang.Object, java.lang.Object)'> (0x00000000c486e920) 
thrown [s\src\hotspot\share\interpreter\linkResolver.cpp, line 759]
Event: 20.433 Thread 0x000001510c9ea870 Exception <a 'java/lang/NoSuchMethodError'{0x00000000c43c7b28}: 'void java.lang.invoke.DirectMethodHandle$Holder.invokeStatic(java.lang.Object, java.lang.Object)'> (0x00000000c43c7b28) 
thrown [s\src\hotspot\share\interpreter\linkResolver.cpp, line 759]
Event: 20.441 Thread 0x000001510c9ea870 Exception <a 'sun/nio/fs/WindowsException'{0x00000000c43db0e8}> (0x00000000c43db0e8) 
thrown [s\src\hotspot\share\prims\jni.cpp, line 516]
Event: 20.441 Thread 0x000001510c9ea870 Exception <a 'sun/nio/fs/WindowsException'{0x00000000c43db588}> (0x00000000c43db588) 
thrown [s\src\hotspot\share\prims\jni.cpp, line 516]
Event: 20.446 Thread 0x000001510c9ea870 Exception <a 'sun/nio/fs/WindowsException'{0x00000000c43e1090}> (0x00000000c43e1090) 
thrown [s\src\hotspot\share\prims\jni.cpp, line 516]
Event: 20.446 Thread 0x000001510c9ea870 Exception <a 'sun/nio/fs/WindowsException'{0x00000000c43e1568}> (0x00000000c43e1568) 
thrown [s\src\hotspot\share\prims\jni.cpp, line 516]
Event: 20.467 Thread 0x000001510c9ea870 Exception <a 'java/lang/NoSuchMethodError'{0x00000000c420bef8}: 'int java.lang.invoke.DirectMethodHandle$Holder.invokeVirtual(java.lang.Object, java.lang.Object, java.lang.Object)'> (0x00000000c420bef8) 
thrown [s\src\hotspot\share\interpreter\linkResolver.cpp, line 759]
Event: 20.469 Thread 0x000001510c9ea870 Exception <a 'java/lang/NoSuchMethodError'{0x00000000c42126c0}: 'void java.lang.invoke.DirectMethodHandle$Holder.invokeInterface(java.lang.Object, java.lang.Object, java.lang.Object)'> (0x00000000c42126c0) 
thrown [s\src\hotspot\share\interpreter\linkResolver.cpp, line 759]
Event: 20.725 Thread 0x000001510c9ea870 Exception <a 'java/lang/NoSuchMethodError'{0x00000000c5b8e180}: 'int java.lang.invoke.DirectMethodHandle$Holder.invokeStaticInit(java.lang.Object, java.lang.Object)'> (0x00000000c5b8e180) 
thrown [s\src\hotspot\share\interpreter\linkResolver.cpp, line 759]
Event: 20.951 Thread 0x000001510c9ea870 Exception <a 'java/lang/NoSuchMethodError'{0x00000000c493ea38}: 'int java.lang.invoke.DirectMethodHandle$Holder.invokeVirtual(java.lang.Object, java.lang.Object)'> (0x00000000c493ea38) 
thrown [s\src\hotspot\share\interpreter\linkResolver.cpp, line 759]
Event: 20.973 Thread 0x000001510c9ea870 Exception <a 'java/lang/NoSuchMethodError'{0x00000000c497db08}: 'java.lang.Object java.lang.invoke.DirectMethodHandle$Holder.newInvokeSpecial(java.lang.Object, java.lang.Object, java.lang.Object, java.lang.Object, java.lang.Object, java.lang.Object)'> (0x00000000c497db08) 
thrown [s\src\hotspot\share\interpreter\linkResolver.cpp, line 759]
Event: 21.087 Thread 0x000001510c9ea870 Exception <a 'java/lang/NoSuchMethodError'{0x00000000c48ff7a0}: 'java.lang.Object java.lang.invoke.DirectMethodHandle$Holder.invokeStaticInit(java.lang.Object)'> (0x00000000c48ff7a0) 
thrown [s\src\hotspot\share\interpreter\linkResolver.cpp, line 759]
Event: 21.452 Thread 0x000001510c9ea870 Exception <a 'java/lang/NoSuchMethodError'{0x00000000c3bf6970}: 'java.lang.Object java.lang.invoke.DirectMethodHandle$Holder.invokeStatic(java.lang.Object, int, java.lang.Object)'> (0x00000000c3bf6970) 
thrown [s\src\hotspot\share\interpreter\linkResolver.cpp, line 759]

VM Operations (20 events):
Event: 20.239 Executing VM operation: HandshakeAllThreads done
Event: 20.442 Executing VM operation: HandshakeAllThreads
Event: 20.442 Executing VM operation: HandshakeAllThreads done
Event: 20.697 Executing VM operation: G1CollectForAllocation
Event: 20.702 Executing VM operation: G1CollectForAllocation done
Event: 20.730 Executing VM operation: G1CollectForAllocation
Event: 20.744 Executing VM operation: G1CollectForAllocation done
Event: 21.076 Executing VM operation: HandshakeAllThreads
Event: 21.076 Executing VM operation: HandshakeAllThreads done
Event: 21.084 Executing VM operation: HandshakeAllThreads
Event: 21.084 Executing VM operation: HandshakeAllThreads done
Event: 21.321 Executing VM operation: HandshakeAllThreads
Event: 21.321 Executing VM operation: HandshakeAllThreads done
Event: 21.322 Executing VM operation: HandshakeAllThreads
Event: 21.322 Executing VM operation: HandshakeAllThreads done
Event: 21.391 Executing VM operation: HandshakeAllThreads
Event: 21.391 Executing VM operation: HandshakeAllThreads done
Event: 21.422 Executing VM operation: HandshakeAllThreads
Event: 21.422 Executing VM operation: HandshakeAllThreads done
Event: 21.663 Executing VM operation: G1CollectForAllocation

Events (20 events):
Event: 21.461 loading class java/nio/file/Files$AcceptAllFilter
Event: 21.461 loading class java/nio/file/Files$AcceptAllFilter done
Event: 21.462 loading class java/nio/file/ClosedDirectoryStreamException
Event: 21.462 loading class java/nio/file/ClosedDirectoryStreamException done
Event: 21.462 loading class java/nio/file/DirectoryIteratorException
Event: 21.462 loading class java/nio/file/DirectoryIteratorException done
Event: 21.462 loading class java/nio/file/FileTreeWalker$DirectoryNode
Event: 21.462 loading class java/nio/file/FileTreeWalker$DirectoryNode done
Event: 21.463 loading class java/nio/file/FileTreeWalker$Event
Event: 21.463 loading class java/nio/file/FileTreeWalker$Event done
Event: 21.463 loading class java/nio/file/FileTreeWalker$EventType
Event: 21.463 loading class java/nio/file/FileTreeWalker$EventType done
Event: 21.464 loading class java/nio/file/Files$3
Event: 21.464 loading class java/nio/file/Files$3 done
Event: 21.464 loading class java/nio/file/FileVisitResult
Event: 21.464 loading class java/nio/file/FileVisitResult done
Event: 21.464 loading class sun/nio/fs/BasicFileAttributesHolder
Event: 21.464 loading class sun/nio/fs/BasicFileAttributesHolder done
Event: 21.640 loading class java/util/concurrent/locks/AbstractQueuedSynchronizer$Node
Event: 21.641 loading class java/util/concurrent/locks/AbstractQueuedSynchronizer$Node done


Dynamic libraries:
0x00007ff7a74c0000 - 0x00007ff7a74ce000 	C:\Users\Pc\Documents\sprinttool\sts-4.16.1.RELEASE\plugins\org.eclipse.justj.openjdk.hotspot.jre.full.win32.x86_64_17.0.4.v20221004-1257\jre\bin\javaw.exe
0x00007ffc0e390000 - 0x00007ffc0e588000 	C:\WINDOWS\SYSTEM32\ntdll.dll
0x00007ffc06170000 - 0x00007ffc06189000 	C:\Program Files\AVAST Software\Avast\aswhook.dll
0x00007ffc0e040000 - 0x00007ffc0e0ff000 	C:\WINDOWS\System32\KERNEL32.DLL
0x00007ffc0bc50000 - 0x00007ffc0bf46000 	C:\WINDOWS\System32\KERNELBASE.dll
0x00007ffc0c150000 - 0x00007ffc0c250000 	C:\WINDOWS\System32\ucrtbase.dll
0x00007ffbfe660000 - 0x00007ffbfe678000 	C:\Users\Pc\Documents\sprinttool\sts-4.16.1.RELEASE\plugins\org.eclipse.justj.openjdk.hotspot.jre.full.win32.x86_64_17.0.4.v20221004-1257\jre\bin\jli.dll
0x00007ffbd9270000 - 0x00007ffbd9289000 	C:\Users\Pc\Documents\sprinttool\sts-4.16.1.RELEASE\plugins\org.eclipse.justj.openjdk.hotspot.jre.full.win32.x86_64_17.0.4.v20221004-1257\jre\bin\VCRUNTIME140.dll
0x00007ffc0db30000 - 0x00007ffc0dccd000 	C:\WINDOWS\System32\USER32.dll
0x00007ffbf1230000 - 0x00007ffbf14ca000 	C:\WINDOWS\WinSxS\amd64_microsoft.windows.common-controls_6595b64144ccf1df_6.0.19041.1110_none_60b5254171f9507e\COMCTL32.dll
0x00007ffc0c300000 - 0x00007ffc0c322000 	C:\WINDOWS\System32\win32u.dll
0x00007ffc0d520000 - 0x00007ffc0d54c000 	C:\WINDOWS\System32\GDI32.dll
0x00007ffc0cd10000 - 0x00007ffc0cdae000 	C:\WINDOWS\System32\msvcrt.dll
0x00007ffc0bb30000 - 0x00007ffc0bc45000 	C:\WINDOWS\System32\gdi32full.dll
0x00007ffc0c0b0000 - 0x00007ffc0c14d000 	C:\WINDOWS\System32\msvcp_win.dll
0x00007ffc0db00000 - 0x00007ffc0db30000 	C:\WINDOWS\System32\IMM32.DLL
0x00007ffbfe0c0000 - 0x00007ffbfe0cc000 	C:\Users\Pc\Documents\sprinttool\sts-4.16.1.RELEASE\plugins\org.eclipse.justj.openjdk.hotspot.jre.full.win32.x86_64_17.0.4.v20221004-1257\jre\bin\vcruntime140_1.dll
0x00007ffbb1a30000 - 0x00007ffbb1ac1000 	C:\Users\Pc\Documents\sprinttool\sts-4.16.1.RELEASE\plugins\org.eclipse.justj.openjdk.hotspot.jre.full.win32.x86_64_17.0.4.v20221004-1257\jre\bin\msvcp140.dll
0x00007ffbb0350000 - 0x00007ffbb0f96000 	C:\Users\Pc\Documents\sprinttool\sts-4.16.1.RELEASE\plugins\org.eclipse.justj.openjdk.hotspot.jre.full.win32.x86_64_17.0.4.v20221004-1257\jre\bin\server\jvm.dll
0x00007ffc0e2a0000 - 0x00007ffc0e34f000 	C:\WINDOWS\System32\ADVAPI32.dll
0x00007ffc0d660000 - 0x00007ffc0d6fc000 	C:\WINDOWS\System32\sechost.dll
0x00007ffc0cbe0000 - 0x00007ffc0cd06000 	C:\WINDOWS\System32\RPCRT4.dll
0x00007ffc0cdc0000 - 0x00007ffc0cdc8000 	C:\WINDOWS\System32\PSAPI.DLL
0x00007ffbf17b0000 - 0x00007ffbf17d7000 	C:\WINDOWS\SYSTEM32\WINMM.dll
0x00007ffc02ed0000 - 0x00007ffc02eda000 	C:\WINDOWS\SYSTEM32\VERSION.dll
0x00007ffbfc6a0000 - 0x00007ffbfc6a9000 	C:\WINDOWS\SYSTEM32\WSOCK32.dll
0x00007ffc0d760000 - 0x00007ffc0d7cb000 	C:\WINDOWS\System32\WS2_32.dll
0x00007ffc0a260000 - 0x00007ffc0a272000 	C:\WINDOWS\SYSTEM32\kernel.appcore.dll
0x00007ffbe74e0000 - 0x00007ffbe74ea000 	C:\Users\Pc\Documents\sprinttool\sts-4.16.1.RELEASE\plugins\org.eclipse.justj.openjdk.hotspot.jre.full.win32.x86_64_17.0.4.v20221004-1257\jre\bin\jimage.dll
0x00007ffc09f70000 - 0x00007ffc0a154000 	C:\WINDOWS\SYSTEM32\DBGHELP.DLL
0x00007ffc032e0000 - 0x00007ffc03314000 	C:\WINDOWS\SYSTEM32\dbgcore.DLL
0x00007ffc0ba70000 - 0x00007ffc0baf2000 	C:\WINDOWS\System32\bcryptPrimitives.dll
0x00007ffbd3e90000 - 0x00007ffbd3eb5000 	C:\Users\Pc\Documents\sprinttool\sts-4.16.1.RELEASE\plugins\org.eclipse.justj.openjdk.hotspot.jre.full.win32.x86_64_17.0.4.v20221004-1257\jre\bin\java.dll
0x00007ffbd4c80000 - 0x00007ffbd4c98000 	C:\Users\Pc\Documents\sprinttool\sts-4.16.1.RELEASE\plugins\org.eclipse.justj.openjdk.hotspot.jre.full.win32.x86_64_17.0.4.v20221004-1257\jre\bin\zip.dll
0x00007ffc0cdd0000 - 0x00007ffc0d514000 	C:\WINDOWS\System32\SHELL32.dll
0x00007ffc09700000 - 0x00007ffc09e93000 	C:\WINDOWS\SYSTEM32\windows.storage.dll
0x00007ffc0c410000 - 0x00007ffc0c764000 	C:\WINDOWS\System32\combase.dll
0x00007ffc0b300000 - 0x00007ffc0b32e000 	C:\WINDOWS\SYSTEM32\Wldp.dll
0x00007ffc0d9f0000 - 0x00007ffc0da9d000 	C:\WINDOWS\System32\SHCORE.dll
0x00007ffc0d700000 - 0x00007ffc0d755000 	C:\WINDOWS\System32\shlwapi.dll
0x00007ffc0b9a0000 - 0x00007ffc0b9c5000 	C:\WINDOWS\SYSTEM32\profapi.dll
0x00007ffbd3e70000 - 0x00007ffbd3e89000 	C:\Users\Pc\Documents\sprinttool\sts-4.16.1.RELEASE\plugins\org.eclipse.justj.openjdk.hotspot.jre.full.win32.x86_64_17.0.4.v20221004-1257\jre\bin\net.dll
0x00007ffc01350000 - 0x00007ffc0145a000 	C:\WINDOWS\SYSTEM32\WINHTTP.dll
0x00007ffc0b0e0000 - 0x00007ffc0b14a000 	C:\WINDOWS\system32\mswsock.dll
0x00007ffbd2e70000 - 0x00007ffbd2e85000 	C:\Users\Pc\Documents\sprinttool\sts-4.16.1.RELEASE\plugins\org.eclipse.justj.openjdk.hotspot.jre.full.win32.x86_64_17.0.4.v20221004-1257\jre\bin\nio.dll
0x0000000069ac0000 - 0x0000000069ae4000 	C:\Users\Pc\AppData\Local\Temp\jansi-2.4.0-ba01383669276b71-jansi.dll
0x00007ffc020b0000 - 0x00007ffc020c0000 	C:\Users\Pc\Documents\sprinttool\sts-4.16.1.RELEASE\plugins\org.eclipse.justj.openjdk.hotspot.jre.full.win32.x86_64_17.0.4.v20221004-1257\jre\bin\verify.dll

dbghelp: loaded successfully - version: 4.0.5 - missing functions: none
symbol engine: initialized successfully - sym options: 0x614 - pdb path: .;C:\Users\Pc\Documents\sprinttool\sts-4.16.1.RELEASE\plugins\org.eclipse.justj.openjdk.hotspot.jre.full.win32.x86_64_17.0.4.v20221004-1257\jre\bin;C:\WINDOWS\SYSTEM32;C:\Program Files\AVAST Software\Avast;C:\WINDOWS\WinSxS\amd64_microsoft.windows.common-controls_6595b64144ccf1df_6.0.19041.1110_none_60b5254171f9507e;C:\Users\Pc\Documents\sprinttool\sts-4.16.1.RELEASE\plugins\org.eclipse.justj.openjdk.hotspot.jre.full.win32.x86_64_17.0.4.v20221004-1257\jre\bin\server;C:\Users\Pc\AppData\Local\Temp

VM Arguments:
jvm_args: -Dmaven.home=EMBEDDED -Dclassworlds.conf=C:\Users\Pc\Documents\workspace-spring-tool-suite-4-4.16.1.RELEASE\.metadata\.plugins\org.eclipse.m2e.launching\launches\m2conf5118357721972707861.tmp -Dmaven.multiModuleProjectDirectory=C:\Users\Pc\Documents\workspace-spring-tool-suite-4-4.16.1.RELEASE\springboot-back -Dfile.encoding=UTF-8 -XX:+ShowCodeDetailsInExceptionMessages 
java_command: org.codehaus.plexus.classworlds.launcher.Launcher -Ppom.xml -B -Dstyle.color=always package
java_class_path (initial): C:\Users\Pc\Documents\sprinttool\sts-4.16.1.RELEASE\plugins\org.eclipse.m2e.maven.runtime_3.8.601.20220820-1147\jars\plexus-classworlds-2.6.0.jar
Launcher Type: SUN_STANDARD

[Global flags]
     intx CICompilerCount                          = 3                                         {product} {ergonomic}
     uint ConcGCThreads                            = 1                                         {product} {ergonomic}
     uint G1ConcRefinementThreads                  = 4                                         {product} {ergonomic}
   size_t G1HeapRegionSize                         = 1048576                                   {product} {ergonomic}
    uintx GCDrainStackTargetSize                   = 64                                        {product} {ergonomic}
   size_t InitialHeapSize                          = 67108864                                  {product} {ergonomic}
   size_t MarkStackSize                            = 4194304                                   {product} {ergonomic}
   size_t MaxHeapSize                              = 1044381696                                {product} {ergonomic}
   size_t MaxNewSize                               = 625999872                                 {product} {ergonomic}
   size_t MinHeapDeltaBytes                        = 1048576                                   {product} {ergonomic}
   size_t MinHeapSize                              = 8388608                                   {product} {ergonomic}
    uintx NonNMethodCodeHeapSize                   = 5832780                                {pd product} {ergonomic}
    uintx NonProfiledCodeHeapSize                  = 122912730                              {pd product} {ergonomic}
    uintx ProfiledCodeHeapSize                     = 122912730                              {pd product} {ergonomic}
    uintx ReservedCodeCacheSize                    = 251658240                              {pd product} {ergonomic}
     bool SegmentedCodeCache                       = true                                      {product} {ergonomic}
     bool ShowCodeDetailsInExceptionMessages       = true                                   {manageable} {command line}
   size_t SoftMaxHeapSize                          = 1044381696                             {manageable} {ergonomic}
     bool UseCompressedClassPointers               = true                           {product lp64_product} {ergonomic}
     bool UseCompressedOops                        = true                           {product lp64_product} {ergonomic}
     bool UseG1GC                                  = true                                      {product} {ergonomic}
     bool UseLargePagesIndividualAllocation        = false                                  {pd product} {ergonomic}

Logging:
Log output configuration:
 #0: stdout all=warning uptime,level,tags
 #1: stderr all=off uptime,level,tags

Environment Variables:
PATH=C:/Users/Pc/Documents/sprinttool/sts-4.16.1.RELEASE//plugins/org.eclipse.justj.openjdk.hotspot.jre.full.win32.x86_64_17.0.4.v20221004-1257/jre/bin/server;C:/Users/Pc/Documents/sprinttool/sts-4.16.1.RELEASE//plugins/org.eclipse.justj.openjdk.hotspot.jre.full.win32.x86_64_17.0.4.v20221004-1257/jre/bin;C:\Program Files (x86)\EasyPHP-DevServer-14.1VC9\binaries\php\php_runningversion;C:\Program Files (x86)\Common Files\Oracle\Java\javapath;C:\Program Files (x86)\EasyPHP-DevServer-14.1VC11\binaries\php\php_runningversion;C:\WINDOWS\system32;C:\WINDOWS;C:\WINDOWS\System32\Wbem;C:\WINDOWS\System32\WindowsPowerShell\v1.0\;C:\WINDOWS\System32\OpenSSH\;C:\Program Files\Microsoft SQL Server\Client SDK\ODBC\130\Tools\Binn\;C:\Program Files (x86)\Microsoft SQL Server\140\Tools\Binn\;C:\Program Files\Microsoft SQL Server\140\Tools\Binn\;C:\Program Files\Microsoft SQL Server\140\DTS\Binn\;C:\Program Files\Microsoft SQL Server Migration Assistant for MySQL\bin\;C:\Program Files\Intel\WiFi\bin\;C:\Program Files\Common Files\Intel\WirelessCommon\;C:\Program Files\dotnet\;C:\Program Files\Git\cmd;C:\Program Files\Docker\Docker\resources\bin;C:\ProgramData\DockerDesktop\version-bin;C:\Program Files\nodejs\;C:\Program Files\Java\jdk1.8.0_231\bin;C:\Users\Pc\AppData\Local\Programs\Microsoft VS Code\bin;C:\Users\Pc\AppData\Local\Programs\Python\Python310;C:\Program Files\Git;C:\Users\Pc\AppData\Local\Microsoft\WindowsApps;C:\Users\Pc\AppData\Roaming\npm;C:\Users\Pc\Documents\sprinttool\sts-4.16.1.RELEASE;
USERNAME=Pc
OS=Windows_NT
PROCESSOR_IDENTIFIER=Intel64 Family 6 Model 78 Stepping 3, GenuineIntel
TMP=C:\Users\Pc\AppData\Local\Temp
TEMP=C:\Users\Pc\AppData\Local\Temp



---------------  S Y S T E M  ---------------

OS:
 Windows 10 , 64 bit Build 19041 (10.0.19041.3155)
OS uptime: 57 days 3:31 hours
Hyper-V role detected

CPU: total 4 (initial active 4) (2 cores per cpu, 2 threads per core) family 6 model 78 stepping 3 microcode 0xcc, cx8, cmov, fxsr, ht, mmx, 3dnowpref, sse, sse2, sse3, ssse3, sse4.1, sse4.2, popcnt, lzcnt, tsc, tscinvbit, aes, erms, clmul, clflush, clflushopt, hv

Memory: 4k page, system-wide physical 3979M (501M free)
TotalPageFile size 12276M (AvailPageFile size 22M)
current process WorkingSet (physical memory assigned to process): 165M, peak: 168M
current process commit charge ("private bytes"): 201M, peak: 279M

vm_info: OpenJDK 64-Bit Server VM (17.0.4.1+1) for windows-amd64 JRE (17.0.4.1+1), built on Aug 17 2022 07:42:43 by "temurin" with MS VC++ 16.7 (VS2019)

END.
