#
# There is insufficient memory for the Java Runtime Environment to continue.
# Native memory allocation (malloc) failed to allocate 131088 bytes for Chunk::new
# Possible reasons:
#   The system is out of physical RAM or swap space
#   The process is running with CompressedOops enabled, and the Java Heap may be blocking the growth of the native heap
# Possible solutions:
#   Reduce memory load on the system
#   Increase physical memory or swap space
#   Check if swap backing store is full
#   Decrease Java heap size (-Xmx/-Xms)
#   Decrease number of Java threads
#   Decrease Java thread stack sizes (-Xss)
#   Set larger code cache with -XX:ReservedCodeCacheSize=
#   JVM is running with Unscaled Compressed Oops mode in which the Java heap is
#     placed in the first 4GB address space. The Java Heap base address is the
#     maximum limit for the native heap growth. Please use -XX:HeapBaseMinAddress
#     to set the Java Heap base and to place the Java Heap above 4GB virtual address.
# This output file may be truncated or incomplete.
#
#  Out of Memory Error (allocation.cpp:389), pid=13068, tid=0x0000000000005398
#
# JRE version: Java(TM) SE Runtime Environment (8.0_231-b11) (build 1.8.0_231-b11)
# Java VM: Java HotSpot(TM) 64-Bit Server VM (25.231-b11 mixed mode windows-amd64 compressed oops)
# Failed to write core dump. Minidumps are not enabled by default on client versions of Windows
#

---------------  T H R E A D  ---------------

Current thread (0x0000000015792000):  JavaThread "C2 CompilerThread0" daemon [_thread_in_native, id=21400, stack(0x0000000016e10000,0x0000000016f10000)]

Stack: [0x0000000016e10000,0x0000000016f10000]
[error occurred during error reporting (printing stack bounds), id 0xc0000005]

Native frames: (J=compiled Java code, j=interpreted, Vv=VM code, C=native code)


Current CompileTask:
C2:   6487 2062   !   4       java.net.URLClassLoader$1::run (63 bytes)


---------------  P R O C E S S  ---------------

Java Threads: ( => current thread )
  0x00000000172aa800 JavaThread "surefire-forkedjvm-ping-30s" daemon [_thread_in_native, id=9596, stack(0x0000000017810000,0x0000000017910000)]
  0x0000000017212000 JavaThread "surefire-forkedjvm-command-thread" daemon [_thread_in_native, id=14016, stack(0x0000000017710000,0x0000000017810000)]
  0x000000001713a800 JavaThread "Service Thread" daemon [_thread_blocked, id=21544, stack(0x0000000017510000,0x0000000017610000)]
  0x000000001579f000 JavaThread "C1 CompilerThread2" daemon [_thread_blocked, id=8572, stack(0x0000000017010000,0x0000000017110000)]
  0x0000000015797800 JavaThread "C2 CompilerThread1" daemon [_thread_in_native, id=14892, stack(0x0000000016f10000,0x0000000017010000)]
=>0x0000000015792000 JavaThread "C2 CompilerThread0" daemon [_thread_in_native, id=21400, stack(0x0000000016e10000,0x0000000016f10000)]
  0x0000000015790800 JavaThread "Attach Listener" daemon [_thread_blocked, id=20292, stack(0x0000000016d10000,0x0000000016e10000)]
  0x000000001578d800 JavaThread "Signal Dispatcher" daemon [_thread_blocked, id=1552, stack(0x0000000016c10000,0x0000000016d10000)]
  0x00000000031bb000 JavaThread "Finalizer" daemon [_thread_blocked, id=3656, stack(0x00000000169e0000,0x0000000016ae0000)]
  0x00000000031b2000 JavaThread "Reference Handler" daemon [_thread_blocked, id=760, stack(0x00000000168e0000,0x00000000169e0000)]
  0x00000000030be000 JavaThread "main" [_thread_in_native, id=1808, stack(0x0000000002f90000,0x0000000003090000)]

Other Threads:
  0x0000000015757800 VMThread [stack: 0x00000000167e0000,0x00000000168e0000] [id=10576]
  0x000000001715b800 WatcherThread [stack: 0x0000000017610000,0x0000000017710000] [id=11648]

VM state:not at safepoint (normal execution)

VM Mutex/Monitor currently owned by a thread: None

heap address: 0x00000000c1c00000, size: 996 MB, Compressed Oops mode: 32-bit
Narrow klass base: 0x0000000000000000, Narrow klass shift: 3
Compressed class space size: 1073741824 Address: 0x0000000100000000

Heap:
 PSYoungGen      total 35328K, used 32484K [0x00000000eb400000, 0x00000000ed900000, 0x0000000100000000)
  eden space 32768K, 94% used [0x00000000eb400000,0x00000000ed259588,0x00000000ed400000)
  from space 2560K, 54% used [0x00000000ed680000,0x00000000ed7dfb38,0x00000000ed900000)
  to   space 2560K, 0% used [0x00000000ed400000,0x00000000ed400000,0x00000000ed680000)
 ParOldGen       total 36352K, used 9312K [0x00000000c1c00000, 0x00000000c3f80000, 0x00000000eb400000)
  object space 36352K, 25% used [0x00000000c1c00000,0x00000000c2518080,0x00000000c3f80000)
 Metaspace       used 24244K, capacity 25898K, committed 26032K, reserved 1071104K
  class space    used 3144K, capacity 3475K, committed 3504K, reserved 1048576K

Card table byte_map: [0x0000000012580000,0x0000000012780000] byte_map_base: 0x0000000011f72000

Marking Bits: (ParMarkBitMap*) 0x000000005fa56d90
 Begin Bits: [0x0000000012cd0000, 0x0000000013c60000)
 End Bits:   [0x0000000013c60000, 0x0000000014bf0000)

Polling page: 0x0000000002f30000

CodeCache: size=245760Kb used=6803Kb max_used=6803Kb free=238956Kb
 bounds [0x00000000031c0000, 0x0000000003870000, 0x00000000121c0000]
 total_blobs=2428 nmethods=2051 adapters=290
 compilation: enabled

Compilation events (10 events):
Event: 6.364 Thread 0x000000001579f000 2057       3       java.lang.invoke.MethodHandle::bindTo (19 bytes)
Event: 6.365 Thread 0x000000001579f000 nmethod 2057 0x0000000003861890 code [0x0000000003861a60, 0x00000000038622c8]
Event: 6.365 Thread 0x000000001579f000 2058       3       java.lang.invoke.MethodType::leadingReferenceParameter (30 bytes)
Event: 6.365 Thread 0x000000001579f000 nmethod 2058 0x0000000003861190 code [0x0000000003861320, 0x00000000038616d8]
Event: 6.365 Thread 0x000000001579f000 2060       3       java.net.URLClassLoader::definePackage (272 bytes)
Event: 6.369 Thread 0x000000001579f000 nmethod 2060 0x0000000003863950 code [0x0000000003863de0, 0x0000000003866c98]
Event: 6.369 Thread 0x000000001579f000 2059       3       java.lang.invoke.MethodHandle::bindArgumentL (10 bytes)
Event: 6.370 Thread 0x000000001579f000 nmethod 2059 0x0000000003860450 code [0x0000000003860620, 0x0000000003860cc8]
Event: 6.382 Thread 0x0000000015797800 2061       4       java.net.URLClassLoader$1::run (5 bytes)
Event: 6.386 Thread 0x0000000015792000 2062   !   4       java.net.URLClassLoader$1::run (63 bytes)

GC Heap History (10 events):
Event: 4.318 GC heap before
{Heap before GC invocations=5 (full 0):
 PSYoungGen      total 35328K, used 35315K [0x00000000eb400000, 0x00000000ed900000, 0x0000000100000000)
  eden space 32768K, 100% used [0x00000000eb400000,0x00000000ed400000,0x00000000ed400000)
  from space 2560K, 99% used [0x00000000ed680000,0x00000000ed8fcd48,0x00000000ed900000)
  to   space 2560K, 0% used [0x00000000ed400000,0x00000000ed400000,0x00000000ed680000)
 ParOldGen       total 44032K, used 3827K [0x00000000c1c00000, 0x00000000c4700000, 0x00000000eb400000)
  object space 44032K, 8% used [0x00000000c1c00000,0x00000000c1fbcee0,0x00000000c4700000)
 Metaspace       used 16240K, capacity 17466K, committed 17792K, reserved 1064960K
  class space    used 2096K, capacity 2343K, committed 2432K, reserved 1048576K
Event: 4.329 GC heap after
Heap after GC invocations=5 (full 0):
 PSYoungGen      total 35328K, used 2531K [0x00000000eb400000, 0x00000000ed900000, 0x0000000100000000)
  eden space 32768K, 0% used [0x00000000eb400000,0x00000000eb400000,0x00000000ed400000)
  from space 2560K, 98% used [0x00000000ed400000,0x00000000ed678d58,0x00000000ed680000)
  to   space 2560K, 0% used [0x00000000ed680000,0x00000000ed680000,0x00000000ed900000)
 ParOldGen       total 44032K, used 6957K [0x00000000c1c00000, 0x00000000c4700000, 0x00000000eb400000)
  object space 44032K, 15% used [0x00000000c1c00000,0x00000000c22cb6a0,0x00000000c4700000)
 Metaspace       used 16240K, capacity 17466K, committed 17792K, reserved 1064960K
  class space    used 2096K, capacity 2343K, committed 2432K, reserved 1048576K
}
Event: 5.110 GC heap before
{Heap before GC invocations=6 (full 0):
 PSYoungGen      total 35328K, used 33006K [0x00000000eb400000, 0x00000000ed900000, 0x0000000100000000)
  eden space 32768K, 93% used [0x00000000eb400000,0x00000000ed1c2db0,0x00000000ed400000)
  from space 2560K, 98% used [0x00000000ed400000,0x00000000ed678d58,0x00000000ed680000)
  to   space 2560K, 0% used [0x00000000ed680000,0x00000000ed680000,0x00000000ed900000)
 ParOldGen       total 44032K, used 6957K [0x00000000c1c00000, 0x00000000c4700000, 0x00000000eb400000)
  object space 44032K, 15% used [0x00000000c1c00000,0x00000000c22cb6a0,0x00000000c4700000)
 Metaspace       used 19758K, capacity 21266K, committed 21296K, reserved 1067008K
  class space    used 2544K, capacity 2849K, committed 2864K, reserved 1048576K
Event: 5.119 GC heap after
Heap after GC invocations=6 (full 0):
 PSYoungGen      total 35328K, used 2533K [0x00000000eb400000, 0x00000000ed900000, 0x0000000100000000)
  eden space 32768K, 0% used [0x00000000eb400000,0x00000000eb400000,0x00000000ed400000)
  from space 2560K, 98% used [0x00000000ed680000,0x00000000ed8f94f8,0x00000000ed900000)
  to   space 2560K, 0% used [0x00000000ed400000,0x00000000ed400000,0x00000000ed680000)
 ParOldGen       total 44032K, used 10465K [0x00000000c1c00000, 0x00000000c4700000, 0x00000000eb400000)
  object space 44032K, 23% used [0x00000000c1c00000,0x00000000c26387b8,0x00000000c4700000)
 Metaspace       used 19758K, capacity 21266K, committed 21296K, reserved 1067008K
  class space    used 2544K, capacity 2849K, committed 2864K, reserved 1048576K
}
Event: 5.119 GC heap before
{Heap before GC invocations=7 (full 1):
 PSYoungGen      total 35328K, used 2533K [0x00000000eb400000, 0x00000000ed900000, 0x0000000100000000)
  eden space 32768K, 0% used [0x00000000eb400000,0x00000000eb400000,0x00000000ed400000)
  from space 2560K, 98% used [0x00000000ed680000,0x00000000ed8f94f8,0x00000000ed900000)
  to   space 2560K, 0% used [0x00000000ed400000,0x00000000ed400000,0x00000000ed680000)
 ParOldGen       total 44032K, used 10465K [0x00000000c1c00000, 0x00000000c4700000, 0x00000000eb400000)
  object space 44032K, 23% used [0x00000000c1c00000,0x00000000c26387b8,0x00000000c4700000)
 Metaspace       used 19758K, capacity 21266K, committed 21296K, reserved 1067008K
  class space    used 2544K, capacity 2849K, committed 2864K, reserved 1048576K
Event: 5.171 GC heap after
Heap after GC invocations=7 (full 1):
 PSYoungGen      total 35328K, used 0K [0x00000000eb400000, 0x00000000ed900000, 0x0000000100000000)
  eden space 32768K, 0% used [0x00000000eb400000,0x00000000eb400000,0x00000000ed400000)
  from space 2560K, 0% used [0x00000000ed680000,0x00000000ed680000,0x00000000ed900000)
  to   space 2560K, 0% used [0x00000000ed400000,0x00000000ed400000,0x00000000ed680000)
 ParOldGen       total 36352K, used 7363K [0x00000000c1c00000, 0x00000000c3f80000, 0x00000000eb400000)
  object space 36352K, 20% used [0x00000000c1c00000,0x00000000c2330fb8,0x00000000c3f80000)
 Metaspace       used 19758K, capacity 21266K, committed 21296K, reserved 1067008K
  class space    used 2544K, capacity 2849K, committed 2864K, reserved 1048576K
}
Event: 5.658 GC heap before
{Heap before GC invocations=8 (full 1):
 PSYoungGen      total 35328K, used 32768K [0x00000000eb400000, 0x00000000ed900000, 0x0000000100000000)
  eden space 32768K, 100% used [0x00000000eb400000,0x00000000ed400000,0x00000000ed400000)
  from space 2560K, 0% used [0x00000000ed680000,0x00000000ed680000,0x00000000ed900000)
  to   space 2560K, 0% used [0x00000000ed400000,0x00000000ed400000,0x00000000ed680000)
 ParOldGen       total 36352K, used 7363K [0x00000000c1c00000, 0x00000000c3f80000, 0x00000000eb400000)
  object space 36352K, 20% used [0x00000000c1c00000,0x00000000c2330fb8,0x00000000c3f80000)
 Metaspace       used 23019K, capacity 24630K, committed 24880K, reserved 1071104K
  class space    used 3002K, capacity 3319K, committed 3376K, reserved 1048576K
Event: 5.663 GC heap after
Heap after GC invocations=8 (full 1):
 PSYoungGen      total 35328K, used 2551K [0x00000000eb400000, 0x00000000ed900000, 0x0000000100000000)
  eden space 32768K, 0% used [0x00000000eb400000,0x00000000eb400000,0x00000000ed400000)
  from space 2560K, 99% used [0x00000000ed400000,0x00000000ed67dce8,0x00000000ed680000)
  to   space 2560K, 0% used [0x00000000ed680000,0x00000000ed680000,0x00000000ed900000)
 ParOldGen       total 36352K, used 9312K [0x00000000c1c00000, 0x00000000c3f80000, 0x00000000eb400000)
  object space 36352K, 25% used [0x00000000c1c00000,0x00000000c2518080,0x00000000c3f80000)
 Metaspace       used 23019K, capacity 24630K, committed 24880K, reserved 1071104K
  class space    used 3002K, capacity 3319K, committed 3376K, reserved 1048576K
}
Event: 5.705 GC heap before
{Heap before GC invocations=9 (full 1):
 PSYoungGen      total 35328K, used 35318K [0x00000000eb400000, 0x00000000ed900000, 0x0000000100000000)
  eden space 32768K, 99% used [0x00000000eb400000,0x00000000ed3ffbe0,0x00000000ed400000)
  from space 2560K, 99% used [0x00000000ed400000,0x00000000ed67dce8,0x00000000ed680000)
  to   space 2560K, 0% used [0x00000000ed680000,0x00000000ed680000,0x00000000ed900000)
 ParOldGen       total 36352K, used 9312K [0x00000000c1c00000, 0x00000000c3f80000, 0x00000000eb400000)
  object space 36352K, 25% used [0x00000000c1c00000,0x00000000c2518080,0x00000000c3f80000)
 Metaspace       used 23164K, capacity 24810K, committed 24880K, reserved 1071104K
  class space    used 3030K, capacity 3355K, committed 3376K, reserved 1048576K
Event: 5.707 GC heap after
Heap after GC invocations=9 (full 1):
 PSYoungGen      total 35328K, used 1406K [0x00000000eb400000, 0x00000000ed900000, 0x0000000100000000)
  eden space 32768K, 0% used [0x00000000eb400000,0x00000000eb400000,0x00000000ed400000)
  from space 2560K, 54% used [0x00000000ed680000,0x00000000ed7dfb38,0x00000000ed900000)
  to   space 2560K, 0% used [0x00000000ed400000,0x00000000ed400000,0x00000000ed680000)
 ParOldGen       total 36352K, used 9312K [0x00000000c1c00000, 0x00000000c3f80000, 0x00000000eb400000)
  object space 36352K, 25% used [0x00000000c1c00000,0x00000000c2518080,0x00000000c3f80000)
 Metaspace       used 23164K, capacity 24810K, committed 24880K, reserved 1071104K
  class space    used 3030K, capacity 3355K, committed 3376K, reserved 1048576K
}

Deoptimization events (10 events):
Event: 5.467 Thread 0x00000000030be000 Uncommon trap: reason=predicate action=maybe_recompile pc=0x00000000037530c4 method=java.util.AbstractCollection.toArray([Ljava/lang/Object;)[Ljava/lang/Object; @ 49
Event: 5.478 Thread 0x00000000030be000 Uncommon trap: reason=array_check action=maybe_recompile pc=0x00000000037657c0 method=java.util.AbstractCollection.toArray([Ljava/lang/Object;)[Ljava/lang/Object; @ 119
Event: 5.479 Thread 0x00000000030be000 Uncommon trap: reason=array_check action=maybe_recompile pc=0x00000000037657c0 method=java.util.AbstractCollection.toArray([Ljava/lang/Object;)[Ljava/lang/Object; @ 119
Event: 5.479 Thread 0x00000000030be000 Uncommon trap: reason=array_check action=maybe_recompile pc=0x00000000037657c0 method=java.util.AbstractCollection.toArray([Ljava/lang/Object;)[Ljava/lang/Object; @ 119
Event: 5.479 Thread 0x00000000030be000 Uncommon trap: reason=array_check action=maybe_recompile pc=0x00000000037657c0 method=java.util.AbstractCollection.toArray([Ljava/lang/Object;)[Ljava/lang/Object; @ 119
Event: 5.640 Thread 0x00000000189fa000 Uncommon trap: reason=unstable_if action=reinterpret pc=0x00000000035b2ee4 method=jdk.internal.org.objectweb.asm.Type.getArgumentsAndReturnSizes(Ljava/lang/String;)I @ 47
Event: 5.954 Thread 0x00000000030be000 Uncommon trap: reason=bimorphic action=maybe_recompile pc=0x00000000035cd224 method=java.util.HashMap.putVal(ILjava/lang/Object;Ljava/lang/Object;ZZ)Ljava/lang/Object; @ 203
Event: 6.018 Thread 0x00000000030be000 Uncommon trap: reason=bimorphic action=maybe_recompile pc=0x00000000035cd224 method=java.util.HashMap.putVal(ILjava/lang/Object;Ljava/lang/Object;ZZ)Ljava/lang/Object; @ 203
Event: 6.092 Thread 0x00000000030be000 Uncommon trap: reason=bimorphic action=maybe_recompile pc=0x00000000035cd224 method=java.util.HashMap.putVal(ILjava/lang/Object;Ljava/lang/Object;ZZ)Ljava/lang/Object; @ 203
Event: 6.140 Thread 0x00000000030be000 Uncommon trap: reason=bimorphic action=maybe_recompile pc=0x00000000035cd224 method=java.util.HashMap.putVal(ILjava/lang/Object;Ljava/lang/Object;ZZ)Ljava/lang/Object; @ 203

Classes redefined (0 events):
No events

Internal exceptions (10 events):
Event: 5.379 Thread 0x00000000030be000 Exception <a 'java/lang/ClassNotFoundException': org/springframework/context/ApplicationStartupAwareCustomizer> (0x00000000ec293798) thrown at [C:\re\workspace\8-2-build-windows-amd64-cygwin\jdk8u231\13620\hotspot\src\share\vm\classfile\systemDictionary.c
Event: 5.381 Thread 0x00000000030be000 Exception <a 'java/lang/ClassNotFoundException': org/springframework/beans/factory/AwareCustomizer> (0x00000000ec2e7480) thrown at [C:\re\workspace\8-2-build-windows-amd64-cygwin\jdk8u231\13620\hotspot\src\share\vm\classfile\systemDictionary.cpp, line 210
Event: 5.383 Thread 0x00000000030be000 Exception <a 'java/lang/ClassNotFoundException': org/springframework/beans/factory/BeanClassLoaderAwareCustomizer> (0x00000000ec304880) thrown at [C:\re\workspace\8-2-build-windows-amd64-cygwin\jdk8u231\13620\hotspot\src\share\vm\classfile\systemDictionar
Event: 5.384 Thread 0x00000000030be000 Exception <a 'java/lang/ClassNotFoundException': org/springframework/beans/factory/AwareCustomizer> (0x00000000ec31e378) thrown at [C:\re\workspace\8-2-build-windows-amd64-cygwin\jdk8u231\13620\hotspot\src\share\vm\classfile\systemDictionary.cpp, line 210
Event: 5.385 Thread 0x00000000030be000 Exception <a 'java/lang/ClassNotFoundException': org/springframework/context/EnvironmentAwareCustomizer> (0x00000000ec338540) thrown at [C:\re\workspace\8-2-build-windows-amd64-cygwin\jdk8u231\13620\hotspot\src\share\vm\classfile\systemDictionary.cpp, lin
Event: 5.387 Thread 0x00000000030be000 Exception <a 'java/lang/ClassNotFoundException': org/springframework/beans/factory/AwareCustomizer> (0x00000000ec351f18) thrown at [C:\re\workspace\8-2-build-windows-amd64-cygwin\jdk8u231\13620\hotspot\src\share\vm\classfile\systemDictionary.cpp, line 210
Event: 5.650 Thread 0x00000000189fa000 Exception <a 'java/lang/IncompatibleClassChangeError': Found class java.lang.Object, but interface was expected> (0x00000000ed326470) thrown at [C:\re\workspace\8-2-build-windows-amd64-cygwin\jdk8u231\13620\hotspot\src\share\vm\interpreter\linkResolver.cp
Event: 5.839 Thread 0x00000000030be000 Exception <a 'java/lang/IncompatibleClassChangeError': Found class java.lang.Object, but interface was expected> (0x00000000ec1d53d8) thrown at [C:\re\workspace\8-2-build-windows-amd64-cygwin\jdk8u231\13620\hotspot\src\share\vm\interpreter\linkResolver.cp
Event: 5.904 Thread 0x00000000030be000 Exception <a 'java/lang/NoSuchMethodError': java.lang.Object.lambda$getAllAnnotationAttributes$0(Lorg/springframework/util/MultiValueMap;)Lorg/springframework/util/MultiValueMap;> (0x00000000ec3fffb8) thrown at [C:\re\workspace\8-2-build-windows-amd64-cyg
Event: 5.904 Thread 0x00000000030be000 Exception <a 'java/lang/NoSuchMethodError': java.lang.Object.lambda$identity$2(Ljava/lang/Object;)Ljava/lang/Object;> (0x00000000ec403a38) thrown at [C:\re\workspace\8-2-build-windows-amd64-cygwin\jdk8u231\13620\hotspot\src\share\vm\interpreter\linkResolv

Events (10 events):
Event: 6.378 loading class org/springframework/boot/jdbc/DataSourceBuilder$PostgresDataSourceProperties
Event: 6.378 loading class org/springframework/boot/jdbc/DataSourceBuilder$PostgresDataSourceProperties done
Event: 6.380 loading class org/springframework/boot/jdbc/DataSourceBuilder$H2DataSourceProperties
Event: 6.380 loading class org/springframework/boot/jdbc/DataSourceBuilder$H2DataSourceProperties done
Event: 6.381 loading class org/springframework/boot/jdbc/DataSourceBuilder$OracleDataSourceProperties
Event: 6.381 loading class org/springframework/boot/jdbc/DataSourceBuilder$OracleDataSourceProperties done
Event: 6.386 loading class org/springframework/boot/jdbc/DataSourceBuilder$SimpleDataSourceProperties
Event: 6.386 loading class org/springframework/boot/jdbc/DataSourceBuilder$SimpleDataSourceProperties done
Event: 6.401 loading class org/springframework/boot/jdbc/DataSourceBuilder$ComboPooledDataSourceProperties
Event: 6.401 loading class org/springframework/boot/jdbc/DataSourceBuilder$ComboPooledDataSourceProperties done


Dynamic libraries:
0x00007ff75bfb0000 - 0x00007ff75bfe7000 	C:\Program Files\Java\jdk1.8.0_231\jre\bin\java.exe
0x00007ffc0e390000 - 0x00007ffc0e588000 	C:\WINDOWS\SYSTEM32\ntdll.dll
0x00007ffc06170000 - 0x00007ffc06189000 	C:\Program Files\AVAST Software\Avast\aswhook.dll
0x00007ffc0e040000 - 0x00007ffc0e0ff000 	C:\WINDOWS\System32\KERNEL32.DLL
0x00007ffc0bc50000 - 0x00007ffc0bf46000 	C:\WINDOWS\System32\KERNELBASE.dll
0x00007ffc0e2a0000 - 0x00007ffc0e34f000 	C:\WINDOWS\System32\ADVAPI32.dll
0x00007ffc0cd10000 - 0x00007ffc0cdae000 	C:\WINDOWS\System32\msvcrt.dll
0x00007ffc0d660000 - 0x00007ffc0d6fc000 	C:\WINDOWS\System32\sechost.dll
0x00007ffc0cbe0000 - 0x00007ffc0cd06000 	C:\WINDOWS\System32\RPCRT4.dll
0x00007ffc0db30000 - 0x00007ffc0dccd000 	C:\WINDOWS\System32\USER32.dll
0x00007ffc0c300000 - 0x00007ffc0c322000 	C:\WINDOWS\System32\win32u.dll
0x00007ffc0d520000 - 0x00007ffc0d54c000 	C:\WINDOWS\System32\GDI32.dll
0x00007ffc0bb30000 - 0x00007ffc0bc45000 	C:\WINDOWS\System32\gdi32full.dll
0x00007ffc0c0b0000 - 0x00007ffc0c14d000 	C:\WINDOWS\System32\msvcp_win.dll
0x00007ffc0c150000 - 0x00007ffc0c250000 	C:\WINDOWS\System32\ucrtbase.dll
0x00007ffbf1230000 - 0x00007ffbf14ca000 	C:\WINDOWS\WinSxS\amd64_microsoft.windows.common-controls_6595b64144ccf1df_6.0.19041.1110_none_60b5254171f9507e\COMCTL32.dll
0x00007ffc0db00000 - 0x00007ffc0db30000 	C:\WINDOWS\System32\IMM32.DLL
0x000000005fae0000 - 0x000000005fbb2000 	C:\Program Files\Java\jdk1.8.0_231\jre\bin\msvcr100.dll
0x000000005f230000 - 0x000000005fad6000 	C:\Program Files\Java\jdk1.8.0_231\jre\bin\server\jvm.dll
0x00007ffc0cdc0000 - 0x00007ffc0cdc8000 	C:\WINDOWS\System32\PSAPI.DLL
0x00007ffc02ed0000 - 0x00007ffc02eda000 	C:\WINDOWS\SYSTEM32\VERSION.dll
0x00007ffbf17b0000 - 0x00007ffbf17d7000 	C:\WINDOWS\SYSTEM32\WINMM.dll
0x00007ffbfc6a0000 - 0x00007ffbfc6a9000 	C:\WINDOWS\SYSTEM32\WSOCK32.dll
0x00007ffc0d760000 - 0x00007ffc0d7cb000 	C:\WINDOWS\System32\WS2_32.dll
0x00007ffc060f0000 - 0x00007ffc060ff000 	C:\Program Files\Java\jdk1.8.0_231\jre\bin\verify.dll
0x00007ffc01c30000 - 0x00007ffc01c59000 	C:\Program Files\Java\jdk1.8.0_231\jre\bin\java.dll
0x00007ffc01c10000 - 0x00007ffc01c26000 	C:\Program Files\Java\jdk1.8.0_231\jre\bin\zip.dll
0x00007ffc0cdd0000 - 0x00007ffc0d514000 	C:\WINDOWS\System32\SHELL32.dll
0x00007ffc09700000 - 0x00007ffc09e93000 	C:\WINDOWS\SYSTEM32\windows.storage.dll
0x00007ffc0c410000 - 0x00007ffc0c764000 	C:\WINDOWS\System32\combase.dll
0x00007ffc0b300000 - 0x00007ffc0b32e000 	C:\WINDOWS\SYSTEM32\Wldp.dll
0x00007ffc0d9f0000 - 0x00007ffc0da9d000 	C:\WINDOWS\System32\SHCORE.dll
0x00007ffc0d700000 - 0x00007ffc0d755000 	C:\WINDOWS\System32\shlwapi.dll
0x00007ffc0b9a0000 - 0x00007ffc0b9c5000 	C:\WINDOWS\SYSTEM32\profapi.dll
0x00007ffc03f20000 - 0x00007ffc03f2d000 	C:\Program Files\Java\jdk1.8.0_231\jre\bin\management.dll
0x00007ffc01920000 - 0x00007ffc0193a000 	C:\Program Files\Java\jdk1.8.0_231\jre\bin\net.dll
0x00007ffc0b0e0000 - 0x00007ffc0b14a000 	C:\WINDOWS\system32\mswsock.dll
0x00007ffc00110000 - 0x00007ffc00122000 	C:\Program Files\Java\jdk1.8.0_231\jre\bin\nio.dll
0x00007ffbdf590000 - 0x00007ffbdf5a7000 	C:\WINDOWS\system32\napinsp.dll
0x00007ffbdf570000 - 0x00007ffbdf58b000 	C:\WINDOWS\system32\pnrpnsp.dll
0x00007ffc06300000 - 0x00007ffc06315000 	C:\WINDOWS\system32\wshbth.dll
0x00007ffc03bd0000 - 0x00007ffc03bed000 	C:\WINDOWS\system32\NLAapi.dll
0x00007ffc0adf0000 - 0x00007ffc0ae2b000 	C:\WINDOWS\SYSTEM32\IPHLPAPI.DLL
0x00007ffc0ae30000 - 0x00007ffc0aefa000 	C:\WINDOWS\SYSTEM32\DNSAPI.dll
0x00007ffc0cdb0000 - 0x00007ffc0cdb8000 	C:\WINDOWS\System32\NSI.dll
0x00007ffbdf550000 - 0x00007ffbdf562000 	C:\WINDOWS\System32\winrnr.dll
0x00007ffc002a0000 - 0x00007ffc002aa000 	C:\Windows\System32\rasadhlp.dll
0x00007ffc00ab0000 - 0x00007ffc00b32000 	C:\WINDOWS\System32\fwpuclnt.dll
0x00007ffc0bb00000 - 0x00007ffc0bb27000 	C:\WINDOWS\System32\bcrypt.dll

VM Arguments:
java_command: C:\Users\Pc\AppData\Local\Temp\surefire6379963182451013118\surefirebooter8596580223984009210.jar C:\Users\Pc\AppData\Local\Temp\surefire6379963182451013118 2023-10-21T23-33-31_923-jvmRun1 surefire4824697459240035661tmp surefire_0933209036478635183tmp
java_class_path (initial): C:\Users\Pc\AppData\Local\Temp\surefire6379963182451013118\surefirebooter8596580223984009210.jar
Launcher Type: SUN_STANDARD

Environment Variables:
PATH=C:/Users/Pc/Documents/sprinttool/sts-4.16.1.RELEASE//plugins/org.eclipse.justj.openjdk.hotspot.jre.full.win32.x86_64_17.0.4.v20221004-1257/jre/bin/server;C:/Users/Pc/Documents/sprinttool/sts-4.16.1.RELEASE//plugins/org.eclipse.justj.openjdk.hotspot.jre.full.win32.x86_64_17.0.4.v20221004-1257/jre/bin;C:\Program Files (x86)\EasyPHP-DevServer-14.1VC9\binaries\php\php_runningversion;C:\Program Files (x86)\Common Files\Oracle\Java\javapath;C:\Program Files (x86)\EasyPHP-DevServer-14.1VC11\binaries\php\php_runningversion;C:\WINDOWS\system32;C:\WINDOWS;C:\WINDOWS\System32\Wbem;C:\WINDOWS\System32\WindowsPowerShell\v1.0\;C:\WINDOWS\System32\OpenSSH\;C:\Program Files\Microsoft SQL Server\Client SDK\ODBC\130\Tools\Binn\;C:\Program Files (x86)\Microsoft SQL Server\140\Tools\Binn\;C:\Program Files\Microsoft SQL Server\140\Tools\Binn\;C:\Program Files\Microsoft SQL Server\140\DTS\Binn\;C:\Program Files\Microsoft SQL Server Migration Assistant for MySQL\bin\;C:\Program Files\Intel\WiFi\bin\;C:\Program Files\Common Files\Intel\WirelessCommon\;C:\Program Files\dotnet\;C:\Program Files\Git\cmd;C:\Program Files\Docker\Docker\resources\bin;C:\ProgramData\DockerDesktop\version-bin;C:\Program Files\nodejs\;C:\Program Files\Java\jdk1.8.0_231\bin;C:\Users\Pc\AppData\Local\Programs\Microsoft VS Code\bin;C:\Users\Pc\AppData\Local\Programs\Python\Python310;C:\Program Files\Git;C:\Users\Pc\AppData\Local\Microsoft\WindowsApps;C:\Users\Pc\AppData\Roaming\npm;C:\Users\Pc\Documents\sprinttool\sts-4.16.1.RELEASE;
USERNAME=Pc
OS=Windows_NT
PROCESSOR_IDENTIFIER=Intel64 Family 6 Model 78 Stepping 3, GenuineIntel



---------------  S Y S T E M  ---------------

OS: Windows 10.0 , 64 bit Build 19041 (10.0.19041.3155)

CPU:total 4 (initial active 4) (2 cores per cpu, 2 threads per core) family 6 model 78 stepping 3, cmov, cx8, fxsr, mmx, sse, sse2, sse3, ssse3, sse4.1, sse4.2, popcnt, aes, clmul, erms, 3dnowpref, lzcnt, ht, tsc, tscinvbit

Memory: 4k page, physical 4074764k(343308k free), swap 12589464k(1088k free)

vm_info: Java HotSpot(TM) 64-Bit Server VM (25.231-b11) for windows-amd64 JRE (1.8.0_231-b11), built on Oct  5 2019 03:11:30 by "java_re" with MS VC++ 10.0 (VS2010)

time: Sat Oct 21 23:33:40 2023
timezone: Paris, Madrid (heure d’été)
elapsed time: 6 seconds (0d 0h 0m 6s)

